Library/Bee/Android/Prj/IL2CPP/Gradle/launcher/build/intermediates/manifest_merge_blame_file/release/manifest-merger-blame-release-report.txt
1<?xml version="1.0" encoding="utf-8"?>
2<manifest xmlns:android="http://schemas.android.com/apk/res/android"
3    package="com.WonStudio.m2DSurvivor"
4    android:installLocation="preferExternal"
5    android:versionCode="1"
6    android:versionName="1.0" >
7
8    <uses-sdk
9        android:minSdkVersion="23"
9-->src\main\AndroidManifest.xml
10        android:targetSdkVersion="33" />
10-->src\main\AndroidManifest.xml
11
12    <supports-screens
12-->src\main\AndroidManifest.xml:4:3-163
13        android:anyDensity="true"
13-->src\main\AndroidManifest.xml:4:135-160
14        android:largeScreens="true"
14-->src\main\AndroidManifest.xml:4:78-105
15        android:normalScreens="true"
15-->src\main\AndroidManifest.xml:4:49-77
16        android:smallScreens="true"
16-->src\main\AndroidManifest.xml:4:21-48
17        android:xlargeScreens="true" />
17-->src\main\AndroidManifest.xml:4:106-134
18
19    <uses-permission android:name="android.permission.INTERNET" />
19-->[:unityLibrary] AndroidManifest.xml:10:5-67
19-->[:unityLibrary] AndroidManifest.xml:10:22-64
20
21    <uses-feature android:glEsVersion="0x00030000" />
21-->[:unityLibrary] AndroidManifest.xml:12:5-54
21-->[:unityLibrary] AndroidManifest.xml:12:19-51
22    <uses-feature
22-->[:unityLibrary] AndroidManifest.xml:13:5-15:36
23        android:name="android.hardware.vulkan.version"
23-->[:unityLibrary] AndroidManifest.xml:14:9-55
24        android:required="false" />
24-->[:unityLibrary] AndroidManifest.xml:15:9-33
25    <uses-feature
25-->[:unityLibrary] AndroidManifest.xml:16:5-18:36
26        android:name="android.hardware.touchscreen"
26-->[:unityLibrary] AndroidManifest.xml:17:9-52
27        android:required="false" />
27-->[:unityLibrary] AndroidManifest.xml:18:9-33
28    <uses-feature
28-->[:unityLibrary] AndroidManifest.xml:19:5-21:36
29        android:name="android.hardware.touchscreen.multitouch"
29-->[:unityLibrary] AndroidManifest.xml:20:9-63
30        android:required="false" />
30-->[:unityLibrary] AndroidManifest.xml:21:9-33
31    <uses-feature
31-->[:unityLibrary] AndroidManifest.xml:22:5-24:36
32        android:name="android.hardware.touchscreen.multitouch.distinct"
32-->[:unityLibrary] AndroidManifest.xml:23:9-72
33        android:required="false" />
33-->[:unityLibrary] AndroidManifest.xml:24:9-33
34
35    <permission
35-->[androidx.core:core:1.9.0] AndroidManifest.xml:22:5-24:47
36        android:name="com.WonStudio.m2DSurvivor.DYNAMIC_RECEIVER_NOT_EXPORTED_PERMISSION"
36-->[androidx.core:core:1.9.0] AndroidManifest.xml:23:9-81
37        android:protectionLevel="signature" />
37-->[androidx.core:core:1.9.0] AndroidManifest.xml:24:9-44
38
39    <uses-permission android:name="com.WonStudio.m2DSurvivor.DYNAMIC_RECEIVER_NOT_EXPORTED_PERMISSION" />
39-->[androidx.core:core:1.9.0] AndroidManifest.xml:26:5-97
39-->[androidx.core:core:1.9.0] AndroidManifest.xml:26:22-94
40
41    <application
41-->src\main\AndroidManifest.xml:3:3-83
42        android:appComponentFactory="androidx.core.app.CoreComponentFactory"
42-->[androidx.core:core:1.9.0] AndroidManifest.xml:28:18-86
43        android:extractNativeLibs="true"
43-->[:unityLibrary] AndroidManifest.xml:26:18-50
44        android:icon="@mipmap/app_icon"
44-->src\main\AndroidManifest.xml:3:16-47
45        android:label="@string/app_name" >
45-->src\main\AndroidManifest.xml:3:48-80
46        <meta-data
46-->[:unityLibrary] AndroidManifest.xml:27:9-29:33
47            android:name="unity.splash-mode"
47-->[:unityLibrary] AndroidManifest.xml:28:13-45
48            android:value="0" />
48-->[:unityLibrary] AndroidManifest.xml:29:13-30
49        <meta-data
49-->[:unityLibrary] AndroidManifest.xml:30:9-32:36
50            android:name="unity.splash-enable"
50-->[:unityLibrary] AndroidManifest.xml:31:13-47
51            android:value="True" />
51-->[:unityLibrary] AndroidManifest.xml:32:13-33
52        <meta-data
52-->[:unityLibrary] AndroidManifest.xml:33:9-35:37
53            android:name="unity.launch-fullscreen"
53-->[:unityLibrary] AndroidManifest.xml:34:13-51
54            android:value="False" />
54-->[:unityLibrary] AndroidManifest.xml:35:13-34
55        <meta-data
55-->[:unityLibrary] AndroidManifest.xml:36:9-38:37
56            android:name="unity.allow-resizable-window"
56-->[:unityLibrary] AndroidManifest.xml:37:13-56
57            android:value="False" />
57-->[:unityLibrary] AndroidManifest.xml:38:13-34
58        <meta-data
58-->[:unityLibrary] AndroidManifest.xml:39:9-41:50
59            android:name="notch.config"
59-->[:unityLibrary] AndroidManifest.xml:40:13-40
60            android:value="portrait|landscape" />
60-->[:unityLibrary] AndroidManifest.xml:41:13-47
61        <meta-data
61-->[:unityLibrary] AndroidManifest.xml:42:9-44:36
62            android:name="unity.auto-report-fully-drawn"
62-->[:unityLibrary] AndroidManifest.xml:43:13-57
63            android:value="true" />
63-->[:unityLibrary] AndroidManifest.xml:44:13-33
64        <meta-data
64-->[:unityLibrary] AndroidManifest.xml:45:9-47:36
65            android:name="unity.strip-engine-code"
65-->[:unityLibrary] AndroidManifest.xml:46:13-51
66            android:value="true" />
66-->[:unityLibrary] AndroidManifest.xml:47:13-33
67
68        <activity
68-->[:unityLibrary] AndroidManifest.xml:49:9-74:20
69            android:name="com.unity3d.player.UnityPlayerGameActivity"
69-->[:unityLibrary] AndroidManifest.xml:50:13-70
70            android:configChanges="mcc|mnc|locale|touchscreen|keyboard|keyboardHidden|navigation|orientation|screenLayout|uiMode|screenSize|smallestScreenSize|fontScale|layoutDirection|density"
70-->[:unityLibrary] AndroidManifest.xml:51:13-194
71            android:enabled="true"
71-->[:unityLibrary] AndroidManifest.xml:52:13-35
72            android:exported="true"
72-->[:unityLibrary] AndroidManifest.xml:53:13-36
73            android:hardwareAccelerated="false"
73-->[:unityLibrary] AndroidManifest.xml:54:13-48
74            android:launchMode="singleTask"
74-->[:unityLibrary] AndroidManifest.xml:55:13-44
75            android:resizeableActivity="false"
75-->[:unityLibrary] AndroidManifest.xml:56:13-47
76            android:screenOrientation="userPortrait"
76-->[:unityLibrary] AndroidManifest.xml:57:13-53
77            android:theme="@style/BaseUnityGameActivityTheme" >
77-->[:unityLibrary] AndroidManifest.xml:58:13-62
78            <intent-filter>
78-->[:unityLibrary] AndroidManifest.xml:59:13-63:29
79                <category android:name="android.intent.category.LAUNCHER" />
79-->[:unityLibrary] AndroidManifest.xml:60:17-77
79-->[:unityLibrary] AndroidManifest.xml:60:27-74
80
81                <action android:name="android.intent.action.MAIN" />
81-->[:unityLibrary] AndroidManifest.xml:62:17-69
81-->[:unityLibrary] AndroidManifest.xml:62:25-66
82            </intent-filter>
83
84            <meta-data
84-->[:unityLibrary] AndroidManifest.xml:65:13-67:40
85                android:name="unityplayer.UnityActivity"
85-->[:unityLibrary] AndroidManifest.xml:66:17-57
86                android:value="true" />
86-->[:unityLibrary] AndroidManifest.xml:67:17-37
87            <meta-data
87-->[:unityLibrary] AndroidManifest.xml:68:13-70:40
88                android:name="android.app.lib_name"
88-->[:unityLibrary] AndroidManifest.xml:69:17-52
89                android:value="game" />
89-->[:unityLibrary] AndroidManifest.xml:70:17-37
90            <meta-data
90-->[:unityLibrary] AndroidManifest.xml:71:13-73:40
91                android:name="notch_support"
91-->[:unityLibrary] AndroidManifest.xml:72:17-45
92                android:value="true" />
92-->[:unityLibrary] AndroidManifest.xml:73:17-37
93        </activity>
94
95        <provider
95-->[androidx.emoji2:emoji2:1.2.0] AndroidManifest.xml:24:9-32:20
96            android:name="androidx.startup.InitializationProvider"
96-->[androidx.emoji2:emoji2:1.2.0] AndroidManifest.xml:25:13-67
97            android:authorities="com.WonStudio.m2DSurvivor.androidx-startup"
97-->[androidx.emoji2:emoji2:1.2.0] AndroidManifest.xml:26:13-68
98            android:exported="false" >
98-->[androidx.emoji2:emoji2:1.2.0] AndroidManifest.xml:27:13-37
99            <meta-data
99-->[androidx.emoji2:emoji2:1.2.0] AndroidManifest.xml:29:13-31:52
100                android:name="androidx.emoji2.text.EmojiCompatInitializer"
100-->[androidx.emoji2:emoji2:1.2.0] AndroidManifest.xml:30:17-75
101                android:value="androidx.startup" />
101-->[androidx.emoji2:emoji2:1.2.0] AndroidManifest.xml:31:17-49
102            <meta-data
102-->[androidx.lifecycle:lifecycle-process:2.4.1] AndroidManifest.xml:31:13-33:52
103                android:name="androidx.lifecycle.ProcessLifecycleInitializer"
103-->[androidx.lifecycle:lifecycle-process:2.4.1] AndroidManifest.xml:32:17-78
104                android:value="androidx.startup" />
104-->[androidx.lifecycle:lifecycle-process:2.4.1] AndroidManifest.xml:33:17-49
105        </provider>
106    </application>
107
108</manifest>